<?xml version="1.0" encoding="UTF-8"?>
<!-- Generated by org.testng.reporters.JUnitXMLReporter -->
<testsuite ignored="1" hostname="DESKTOP-BFABEKL" failures="0" tests="8" name="SignIn" time="32.191" errors="0" timestamp="2024-06-19T11:59:47 IST">
  <testcase classname="student.Signin" name="Sign" time="0.524"/>
  <testcase classname="student.Visits" name="visits" time="4.269"/>
  <testcase classname="student.Visits" name="vistsStatus" time="6.349"/>
  <testcase classname="student.Visits" name="visitNo" time="6.323"/>
  <testcase classname="student.Visits" name="visitProficiency" time="6.372"/>
  <testcase classname="student.Visits" name="downloadVisits" time="2.205"/>
  <testcase classname="student.Visits" name="getFamilyHeads" time="0.097"/>
  <testcase classname="student.Visits" name="viewVist" time="0.145"/>
  <testcase classname="student.Visits" name="search" time="0.0">
    <ignored/>
  </testcase> <!-- search -->
</testsuite> <!-- SignIn -->
