<?xml version="1.0" encoding="UTF-8"?>
<!-- Generated by org.testng.reporters.JUnitXMLReporter -->
<testsuite ignored="1" hostname="DESKTOP-BFABEKL" failures="0" tests="5" name="Student" time="34.707" errors="0" timestamp="2024-06-19T13:25:23 IST">
  <testcase classname="student.Signin" name="Sign" time="0.403"/>
  <testcase classname="student.FamilyMember" name="familyMember" time="9.383"/>
  <testcase classname="student.FamilyMember" name="viewProfile" time="13.11"/>
  <testcase classname="student.FamilyMember" name="search" time="2.196"/>
  <testcase classname="student.FamilyMember" name="areaFiltering" time="4.43"/>
  <testcase classname="student.FamilyMember" name="download" time="0.0">
    <ignored/>
  </testcase> <!-- download -->
</testsuite> <!-- Student -->
